03-29 10:29 root         INFO     POST request,
Path: /submit-file
Headers:
Host: 127.0.0.1:8080
Connection: keep-alive
Content-Length: 1696
Cache-Control: max-age=0
Sec-Ch-Ua: "Google Chrome";v="89", "Chromium";v="89", ";Not A Brand";v="99"
Sec-Ch-Ua-Mobile: ?0
Upgrade-Insecure-Requests: 1
Origin: http://127.0.0.1:8080
Content-Type: multipart/form-data; boundary=----WebKitFormBoundaryTHdOyRnWAQBsbzUA
User-Agent: Mozilla/5.0 (X11; Linux x86_64) AppleWebKit/537.36 (KHTML, like Gecko) Chrome/89.0.4389.90 Safari/537.36
Accept: text/html,application/xhtml+xml,application/xml;q=0.9,image/avif,image/webp,image/apng,*/*;q=0.8,application/signed-exchange;v=b3;q=0.9
Sec-Fetch-Site: same-origin
Sec-Fetch-Mode: navigate
Sec-Fetch-User: ?1
Sec-Fetch-Dest: document
Referer: http://127.0.0.1:8080/submit-file
Accept-Encoding: gzip, deflate, br
Accept-Language: en-US,en;q=0.9


Filename: shell.jsp

03-29 10:29 werkzeug     INFO     127.0.0.1 - - [29/Mar/2021 10:29:46] "[37mPOST /submit-file HTTP/1.1[0m" 200 -
